#
# A fatal error has been detected by the Java Runtime Environment:
#
#  SIGSEGV (0xb) at pc=0x0000000124b252b4, pid=929, tid=0x0000000000014a17
#
# JRE version: Java(TM) SE Runtime Environment (8.0_121-b13) (build 1.8.0_121-b13)
# Java VM: Java HotSpot(TM) 64-Bit Server VM (25.121-b13 mixed mode bsd-amd64 compressed oops)
# Problematic frame:
# C  [libgstreamer-lite.dylib+0xb12b4]  gst_iir_equ_process_gfloat+0x87
#
# Failed to write core dump. Core dumps have been disabled. To enable core dumping, try "ulimit -c unlimited" before starting Java again
#
# If you would like to submit a bug report, please visit:
#   http://bugreport.java.com/bugreport/crash.jsp
#

---------------  T H R E A D  ---------------

Current thread is native thread

siginfo: si_signo: 11 (SIGSEGV), si_code: 0 (unknown), si_addr: 0x0000000000000000

Registers:
RAX=0x0000000000000480, RBX=0x00007fbf685414b8, RCX=0x0000000000000002, RDX=0x00007fbf65196984
RSP=0x0000700001d7f938, RBP=0x0000700001d7f960, RSI=0x00007fbf65196980, RDI=0x0000000000000001
R8 =0x00000000000003b0, R9 =0x00007fbf68541460, R10=0x00067fbf68248150, R11=0x00007fbf683006e0
R12=0x00007fbf68300790, R13=0x0000000000000001, R14=0x00000000000000c0, R15=0x000000000000000c
RIP=0x0000000124b252b4, EFLAGS=0x0000000000010202, ERR=0x0000000000000000
  TRAPNO=0x000000000000000d

Top of Stack: (sp=0x0000700001d7f938)
0x0000700001d7f938:   0000000000000000 00007fbf682ef630
0x0000700001d7f948:   0000000000000000 00007fbf682ef500
0x0000700001d7f958:   00007fbf65f50610 0000700001d7fa10
0x0000700001d7f968:   0000000124b2509b 00007fbf65e07048
0x0000700001d7f978:   0000000124955e50 00007fbf65f50610
0x0000700001d7f988:   00007fbf682ef500 3ff70474e5da9596
0x0000700001d7f998:   0000000000000000 4000000000000000
0x0000700001d7f9a8:   0000000000000000 0000000000000000
0x0000700001d7f9b8:   0000000000000000 00007fbf65e07040
0x0000700001d7f9c8:   4001cec3b20e63de 3ff0000000000000
0x0000700001d7f9d8:   0000000000000000 00007fbf6816dad0
0x0000700001d7f9e8:   00007fbf68322930 00007fbf65f50610
0x0000700001d7f9f8:   0000000000000000 00007fbf682ef500
0x0000700001d7fa08:   0000700001d7fab0 0000700001d7faa0
0x0000700001d7fa18:   0000000124ac71da 00007fbf681c5d28
0x0000700001d7fa28:   0000000124955e50 0000000000000000
0x0000700001d7fa38:   0000000000000003 00007fbf682ef820
0x0000700001d7fa48:   00007fbf682ef630 00007fbf65e07040
0x0000700001d7fa58:   00007fbf65e07040 00007fbf68322930
0x0000700001d7fa68:   0000700001d7fab0 0000240001d7faa0
0x0000700001d7fa78:   00007fbf682ef500 00007fbf65f50610
0x0000700001d7fa88:   0000000124a4b098 00007fbf682ef500
0x0000700001d7fa98:   00000000018e98d0 0000700001d7fae0
0x0000700001d7faa8:   0000000124ac5df1 00007fbf65f50610
0x0000700001d7fab8:   0000000124ac5d57 0000000124a4b098
0x0000700001d7fac8:   00007fbf6822fc30 00007fbf65f50610
0x0000700001d7fad8:   0000700001d7fbc0 0000700001d7fb50
0x0000700001d7fae8:   0000000124a953f7 00007fbf6822fc30
0x0000700001d7faf8:   0000000000000000 0000700001d7fb10
0x0000700001d7fb08:   00007fbf65e07040 0000000000000001
0x0000700001d7fb18:   00000001249b55f6 00007fbf65f50610
0x0000700001d7fb28:   00007fbf65e07040 00007fbf6822fc30 

Instructions: (pc=0x0000000124b252b4)
0x0000000124b25294:   f3 0f 10 02 44 89 ff 4c 89 cb 4d 89 dc 0f 84 9c
0x0000000124b252a4:   00 00 00 0f 28 c8 4c 8b 13 0f 57 c0 f3 0f 5a c1
0x0000000124b252b4:   f2 41 0f 59 82 80 00 00 00 f3 41 0f 10 14 24 f3
0x0000000124b252c4:   41 0f 10 5c 24 08 f3 0f 5a e2 f2 41 0f 59 a2 88 

Register to memory mapping:

RAX=0x0000000000000480 is an unknown value
RBX=0x00007fbf685414b8 is an unknown value
RCX=0x0000000000000002 is an unknown value
RDX=0x00007fbf65196984 is an unknown value
RSP=0x0000700001d7f938 is an unknown value
RBP=0x0000700001d7f960 is an unknown value
RSI=0x00007fbf65196980 is an unknown value
RDI=0x0000000000000001 is an unknown value
R8 =0x00000000000003b0 is an unknown value
R9 =0x00007fbf68541460 is an unknown value
R10=0x00067fbf68248150 is an unknown value
R11=0x00007fbf683006e0 is an unknown value
R12=0x00007fbf68300790 is an unknown value
R13=0x0000000000000001 is an unknown value
R14=0x00000000000000c0 is an unknown value
R15=0x000000000000000c is an unknown value


Stack: [0x0000700001d00000,0x0000700001d80000],  sp=0x0000700001d7f938,  free space=510k
Native frames: (J=compiled Java code, j=interpreted, Vv=VM code, C=native code)
C  [libgstreamer-lite.dylib+0xb12b4]  gst_iir_equ_process_gfloat+0x87
C  [libgstreamer-lite.dylib+0xb109b]  gst_iir_equalizer_transform_ip+0x7ad
C  [libgstreamer-lite.dylib+0x531da]  gst_base_transform_handle_buffer+0x840
C  [libgstreamer-lite.dylib+0x51df1]  gst_base_transform_chain+0x9a
C  [libgstreamer-lite.dylib+0x213f7]  gst_pad_chain_data_unchecked+0x106
C  [libgstreamer-lite.dylib+0x21a6b]  gst_pad_push_data+0xed
C  [libgstreamer-lite.dylib+0x21831]  gst_pad_push+0x117
C  [libfxplugins.dylib+0x1e4a]  audioconverter_chain+0xa32
C  [libgstreamer-lite.dylib+0x218f1]  gst_pad_push+0x1d7
C  [libgstreamer-lite.dylib+0xa3c35]  gst_queue_loop+0x216
C  [libgstreamer-lite.dylib+0x387fa]  gst_task_func+0xc3
C  [libglib-lite.dylib+0x48fb3]  g_thread_pool_thread_proxy+0x3a
C  [libglib-lite.dylib+0x478d1]  g_thread_create_proxy+0xd2
C  [libsystem_pthread.dylib+0x399d]  _pthread_body+0x83
C  [libsystem_pthread.dylib+0x391a]  _pthread_body+0x0
C  [libsystem_pthread.dylib+0x1351]  thread_start+0xd


---------------  P R O C E S S  ---------------

VM state:not at safepoint (normal execution)

VM Mutex/Monitor currently owned by a thread: None

Heap:
 PSYoungGen      total 38400K, used 24506K [0x0000000795580000, 0x0000000798000000, 0x00000007c0000000)
  eden space 33280K, 58% used [0x0000000795580000,0x0000000796876090,0x0000000797600000)
  from space 5120K, 99% used [0x0000000797600000,0x0000000797af8ac0,0x0000000797b00000)
  to   space 5120K, 0% used [0x0000000797b00000,0x0000000797b00000,0x0000000798000000)
 ParOldGen       total 87552K, used 2784K [0x0000000740000000, 0x0000000745580000, 0x0000000795580000)
  object space 87552K, 3% used [0x0000000740000000,0x00000007402b8030,0x0000000745580000)
 Metaspace       used 16572K, capacity 17228K, committed 17536K, reserved 1064960K
  class space    used 2184K, capacity 2341K, committed 2432K, reserved 1048576K

Card table byte_map: [0x0000000111bc0000,0x0000000111fc1000] byte_map_base: 0x000000010e1c0000

Marking Bits: (ParMarkBitMap*) 0x00000001017d6d30
 Begin Bits: [0x000000011226c000, 0x000000011426c000)
 End Bits:   [0x000000011426c000, 0x000000011626c000)

Polling page: 0x0000000101ecf000

CodeCache: size=245760Kb used=6136Kb max_used=6210Kb free=239623Kb
 bounds [0x0000000102800000, 0x0000000102e20000, 0x0000000111800000]
 total_blobs=2707 nmethods=2049 adapters=571
 compilation: enabled

Compilation events (10 events):
Event: 67.471 Thread 0x00007fbf6502c800 2089       3       com.sun.javafx.geom.transform.Affine3D::scale (27 bytes)
Event: 67.472 Thread 0x00007fbf6502c800 nmethod 2089 0x0000000102e0f990 code [0x0000000102e0fb40, 0x0000000102e0fd78]
Event: 67.472 Thread 0x00007fbf6502c800 2090       3       com.sun.javafx.geom.transform.AffineBase::scale (284 bytes)
Event: 67.473 Thread 0x00007fbf6502c800 nmethod 2090 0x0000000102e0fe50 code [0x0000000102e10060, 0x0000000102e10808]
Event: 67.612 Thread 0x00007fbf6502c800 2091       3       javafx.collections.ListChangeBuilder$SingleChange::checkState (18 bytes)
Event: 67.613 Thread 0x00007fbf6502c800 nmethod 2091 0x0000000102e10990 code [0x0000000102e10b00, 0x0000000102e10d68]
Event: 68.616 Thread 0x00007fbf6502b800 2092       4       com.sun.javafx.geom.RectBounds::deriveWithNewBounds (96 bytes)
Event: 68.617 Thread 0x00007fbf6502b800 nmethod 2092 0x0000000102e13b50 code [0x0000000102e13ca0, 0x0000000102e13db8]
Event: 68.917 Thread 0x00007fbf6502c800 2093       1       java.lang.Thread::getThreadGroup (5 bytes)
Event: 68.917 Thread 0x00007fbf6502c800 nmethod 2093 0x0000000102e13890 code [0x0000000102e139e0, 0x0000000102e13af0]

GC Heap History (2 events):
Event: 5.302 GC heap before
{Heap before GC invocations=1 (full 0):
 PSYoungGen      total 38400K, used 33280K [0x0000000795580000, 0x0000000798000000, 0x00000007c0000000)
  eden space 33280K, 100% used [0x0000000795580000,0x0000000797600000,0x0000000797600000)
  from space 5120K, 0% used [0x0000000797b00000,0x0000000797b00000,0x0000000798000000)
  to   space 5120K, 0% used [0x0000000797600000,0x0000000797600000,0x0000000797b00000)
 ParOldGen       total 87552K, used 0K [0x0000000740000000, 0x0000000745580000, 0x0000000795580000)
  object space 87552K, 0% used [0x0000000740000000,0x0000000740000000,0x0000000745580000)
 Metaspace       used 15661K, capacity 16284K, committed 16384K, reserved 1062912K
  class space    used 2115K, capacity 2295K, committed 2304K, reserved 1048576K
Event: 5.310 GC heap after
Heap after GC invocations=1 (full 0):
 PSYoungGen      total 38400K, used 5090K [0x0000000795580000, 0x0000000798000000, 0x00000007c0000000)
  eden space 33280K, 0% used [0x0000000795580000,0x0000000795580000,0x0000000797600000)
  from space 5120K, 99% used [0x0000000797600000,0x0000000797af8ac0,0x0000000797b00000)
  to   space 5120K, 0% used [0x0000000797b00000,0x0000000797b00000,0x0000000798000000)
 ParOldGen       total 87552K, used 2784K [0x0000000740000000, 0x0000000745580000, 0x0000000795580000)
  object space 87552K, 3% used [0x0000000740000000,0x00000007402b8030,0x0000000745580000)
 Metaspace       used 15661K, capacity 16284K, committed 16384K, reserved 1062912K
  class space    used 2115K, capacity 2295K, committed 2304K, reserved 1048576K
}

Deoptimization events (10 events):
Event: 1.009 Thread 0x00007fbf649ad800 Uncommon trap: reason=class_check action=maybe_recompile pc=0x0000000102a4d9c4 method=java.io.DataInputStream.readShort()S @ 4
Event: 1.015 Thread 0x00007fbf649ad800 Uncommon trap: reason=class_check action=maybe_recompile pc=0x000000010292c158 method=java.lang.String.equals(Ljava/lang/Object;)Z @ 8
Event: 1.015 Thread 0x00007fbf649ad800 Uncommon trap: reason=class_check action=maybe_recompile pc=0x000000010292c158 method=java.lang.String.equals(Ljava/lang/Object;)Z @ 8
Event: 1.015 Thread 0x00007fbf649ad800 Uncommon trap: reason=class_check action=maybe_recompile pc=0x000000010292c158 method=java.lang.String.equals(Ljava/lang/Object;)Z @ 8
Event: 1.228 Thread 0x00007fbf649ad800 Uncommon trap: reason=unstable_if action=reinterpret pc=0x0000000102a22fe0 method=java.lang.CharacterData.of(I)Ljava/lang/CharacterData; @ 4
Event: 1.263 Thread 0x00007fbf649ad800 Uncommon trap: reason=unstable_if action=reinterpret pc=0x0000000102af36b4 method=java.util.HashMap.putVal(ILjava/lang/Object;Ljava/lang/Object;ZZ)Ljava/lang/Object; @ 193
Event: 1.265 Thread 0x00007fbf649ad800 Uncommon trap: reason=class_check action=maybe_recompile pc=0x000000010292c158 method=java.lang.String.equals(Ljava/lang/Object;)Z @ 8
Event: 1.437 Thread 0x00007fbf638de800 Uncommon trap: reason=unstable_if action=reinterpret pc=0x0000000102ab9cd4 method=sun.net.www.ParseUtil.encodePath(Ljava/lang/String;Z)Ljava/lang/String; @ 109
Event: 5.268 Thread 0x00007fbf649ad800 Uncommon trap: reason=unstable_if action=reinterpret pc=0x0000000102a7b488 method=java.lang.AbstractStringBuilder.append(Ljava/lang/String;)Ljava/lang/AbstractStringBuilder; @ 1
Event: 5.268 Thread 0x00007fbf649ad800 Uncommon trap: reason=unstable_if action=reinterpret pc=0x0000000102a02e54 method=java.lang.AbstractStringBuilder.append(Ljava/lang/String;)Ljava/lang/AbstractStringBuilder; @ 1

Internal exceptions (10 events):
Event: 0.682 Thread 0x00007fbf649ad800 Exception <a 'java/lang/NullPointerException'> (0x0000000796307ba0) thrown at [/Users/java_re/workspace/8-2-build-macosx-x86_64/jdk8u121/8372/hotspot/src/share/vm/interpreter/linkResolver.cpp, line 1178]
Event: 0.682 Thread 0x00007fbf649ad800 Exception <a 'java/lang/NullPointerException'> (0x0000000796307ba0) thrown at [/Users/java_re/workspace/8-2-build-macosx-x86_64/jdk8u121/8372/hotspot/src/share/vm/prims/jvm.cpp, line 1394]
Event: 0.718 Thread 0x00007fbf649ad800 Exception <a 'java/lang/ArrayIndexOutOfBoundsException': 78> (0x000000079645a798) thrown at [/Users/java_re/workspace/8-2-build-macosx-x86_64/jdk8u121/8372/hotspot/src/share/vm/interpreter/interpreterRuntime.cpp, line 366]
Event: 0.719 Thread 0x00007fbf649ad800 Exception <a 'java/lang/ArrayIndexOutOfBoundsException': 18> (0x000000079645b488) thrown at [/Users/java_re/workspace/8-2-build-macosx-x86_64/jdk8u121/8372/hotspot/src/share/vm/interpreter/interpreterRuntime.cpp, line 366]
Event: 0.719 Thread 0x00007fbf649ad800 Exception <a 'java/lang/ArrayIndexOutOfBoundsException': 86> (0x000000079645c830) thrown at [/Users/java_re/workspace/8-2-build-macosx-x86_64/jdk8u121/8372/hotspot/src/share/vm/interpreter/interpreterRuntime.cpp, line 366]
Event: 0.723 Thread 0x00007fbf649ad800 Exception <a 'java/lang/ArrayIndexOutOfBoundsException'> (0x000000079646d5c0) thrown at [/Users/java_re/workspace/8-2-build-macosx-x86_64/jdk8u121/8372/hotspot/src/share/vm/runtime/sharedRuntime.cpp, line 605]
Event: 0.817 Thread 0x00007fbf649ad800 Exception <a 'java/lang/ArrayIndexOutOfBoundsException'> (0x0000000796755508) thrown at [/Users/java_re/workspace/8-2-build-macosx-x86_64/jdk8u121/8372/hotspot/src/share/vm/runtime/sharedRuntime.cpp, line 605]
Event: 0.904 Thread 0x00007fbf649ad800 Implicit null exception at 0x0000000102a670f5 to 0x0000000102a6732d
Event: 5.268 Thread 0x00007fbf649ad800 Implicit null exception at 0x0000000102a7b0b5 to 0x0000000102a7b475
Event: 5.268 Thread 0x00007fbf649ad800 Implicit null exception at 0x0000000102a02a76 to 0x0000000102a02e3d

Events (10 events):
Event: 68.917 Thread 0x00007fbf6502c800 flushing nmethod 0x0000000102913c10
Event: 68.917 Thread 0x00007fbf6502c800 flushing nmethod 0x000000010291b9d0
Event: 68.917 Thread 0x00007fbf6502c800 flushing nmethod 0x0000000102922b90
Event: 68.917 Thread 0x00007fbf6502c800 flushing nmethod 0x0000000102929890
Event: 68.917 Thread 0x00007fbf6502c800 flushing nmethod 0x00000001029333d0
Event: 68.918 Thread 0x00007fbf64c30800 Thread exited: 0x00007fbf64c30800
Event: 68.918 Thread 0x00007fbf63924000 Thread added: 0x00007fbf63924000
Event: 68.918 Thread 0x00007fbf63924000 Thread exited: 0x00007fbf63924000
Event: 68.923 Thread 0x00007fbf641e3000 Thread added: 0x00007fbf641e3000
Event: 68.923 Thread 0x00007fbf641e3000 Thread exited: 0x00007fbf641e3000


Dynamic libraries:
0x0000000009e14000 	/System/Library/Frameworks/Cocoa.framework/Versions/A/Cocoa
0x0000000009e14000 	/System/Library/Frameworks/Security.framework/Versions/A/Security
0x0000000009e14000 	/System/Library/Frameworks/ApplicationServices.framework/Versions/A/ApplicationServices
0x0000000009e14000 	/usr/lib/libz.1.dylib
0x0000000009e14000 	/usr/lib/libSystem.B.dylib
0x0000000009e14000 	/usr/lib/libobjc.A.dylib
0x0000000009e14000 	/System/Library/Frameworks/CoreFoundation.framework/Versions/A/CoreFoundation
0x0000000009e14000 	/System/Library/Frameworks/Foundation.framework/Versions/C/Foundation
0x0000000009e14000 	/System/Library/Frameworks/AppKit.framework/Versions/C/AppKit
0x0000000009e14000 	/System/Library/Frameworks/CoreData.framework/Versions/A/CoreData
0x0000000009e14000 	/System/Library/PrivateFrameworks/RemoteViewServices.framework/Versions/A/RemoteViewServices
0x0000000009e14000 	/System/Library/PrivateFrameworks/UIFoundation.framework/Versions/A/UIFoundation
0x0000000009e14000 	/usr/lib/libScreenReader.dylib
0x0000000009e14000 	/System/Library/Frameworks/Accelerate.framework/Versions/A/Accelerate
0x0000000009e14000 	/System/Library/Frameworks/IOSurface.framework/Versions/A/IOSurface
0x0000000009e14000 	/System/Library/Frameworks/AudioToolbox.framework/Versions/A/AudioToolbox
0x0000000009e14000 	/System/Library/Frameworks/AudioUnit.framework/Versions/A/AudioUnit
0x0000000009e14000 	/System/Library/PrivateFrameworks/DataDetectorsCore.framework/Versions/A/DataDetectorsCore
0x0000000009e14000 	/System/Library/PrivateFrameworks/DesktopServicesPriv.framework/Versions/A/DesktopServicesPriv
0x0000000009e14000 	/System/Library/Frameworks/Carbon.framework/Versions/A/Frameworks/HIToolbox.framework/Versions/A/HIToolbox
0x0000000009e14000 	/System/Library/Frameworks/QuartzCore.framework/Versions/A/QuartzCore
0x0000000009e14000 	/System/Library/Frameworks/Carbon.framework/Versions/A/Frameworks/SpeechRecognition.framework/Versions/A/SpeechRecognition
0x0000000009e14000 	/usr/lib/libauto.dylib
0x0000000009e14000 	/usr/lib/libicucore.A.dylib
0x0000000009e14000 	/usr/lib/libxml2.2.dylib
0x0000000009e14000 	/System/Library/PrivateFrameworks/CoreUI.framework/Versions/A/CoreUI
0x0000000009e14000 	/System/Library/Frameworks/CoreAudio.framework/Versions/A/CoreAudio
0x0000000009e14000 	/System/Library/Frameworks/DiskArbitration.framework/Versions/A/DiskArbitration
0x0000000009e14000 	/usr/lib/liblangid.dylib
0x0000000009e14000 	/System/Library/PrivateFrameworks/MultitouchSupport.framework/Versions/A/MultitouchSupport
0x0000000009e14000 	/System/Library/Frameworks/IOKit.framework/Versions/A/IOKit
0x0000000009e14000 	/usr/lib/libDiagnosticMessagesClient.dylib
0x0000000009e14000 	/System/Library/Frameworks/CoreServices.framework/Versions/A/CoreServices
0x0000000009e14000 	/System/Library/PrivateFrameworks/PerformanceAnalysis.framework/Versions/A/PerformanceAnalysis
0x0000000009e14000 	/System/Library/PrivateFrameworks/GenerationalStorage.framework/Versions/A/GenerationalStorage
0x0000000009e14000 	/System/Library/Frameworks/OpenGL.framework/Versions/A/OpenGL
0x0000000009e14000 	/System/Library/PrivateFrameworks/Sharing.framework/Versions/A/Sharing
0x0000000009e14000 	/System/Library/Frameworks/CoreGraphics.framework/Versions/A/CoreGraphics
0x0000000009e14000 	/System/Library/Frameworks/CoreImage.framework/Versions/A/CoreImage
0x0000000009e14000 	/System/Library/Frameworks/CoreText.framework/Versions/A/CoreText
0x0000000009e14000 	/System/Library/Frameworks/ImageIO.framework/Versions/A/ImageIO
0x0000000009e14000 	/System/Library/PrivateFrameworks/Backup.framework/Versions/A/Backup
0x0000000009e14000 	/usr/lib/libextension.dylib
0x0000000009e14000 	/usr/lib/libarchive.2.dylib
0x0000000009e14000 	/System/Library/Frameworks/CFNetwork.framework/Versions/A/CFNetwork
0x0000000009e14000 	/System/Library/Frameworks/SystemConfiguration.framework/Versions/A/SystemConfiguration
0x0000000009e14000 	/usr/lib/libCRFSuite.dylib
0x0000000009e14000 	/usr/lib/libc++.1.dylib
0x0000000009e14000 	/usr/lib/libc++abi.dylib
0x0000000009e14000 	/usr/lib/system/libcache.dylib
0x0000000009e14000 	/usr/lib/system/libcommonCrypto.dylib
0x0000000009e14000 	/usr/lib/system/libcompiler_rt.dylib
0x0000000009e14000 	/usr/lib/system/libcopyfile.dylib
0x0000000009e14000 	/usr/lib/system/libcorecrypto.dylib
0x0000000009e14000 	/usr/lib/system/libdispatch.dylib
0x0000000009e14000 	/usr/lib/system/libdyld.dylib
0x0000000009e14000 	/usr/lib/system/libkeymgr.dylib
0x0000000009e14000 	/usr/lib/system/liblaunch.dylib
0x0000000009e14000 	/usr/lib/system/libmacho.dylib
0x0000000009e14000 	/usr/lib/system/libquarantine.dylib
0x0000000009e14000 	/usr/lib/system/libremovefile.dylib
0x0000000009e14000 	/usr/lib/system/libsystem_asl.dylib
0x0000000009e14000 	/usr/lib/system/libsystem_blocks.dylib
0x0000000009e14000 	/usr/lib/system/libsystem_c.dylib
0x0000000009e14000 	/usr/lib/system/libsystem_configuration.dylib
0x0000000009e14000 	/usr/lib/system/libsystem_coreservices.dylib
0x0000000009e14000 	/usr/lib/system/libsystem_coretls.dylib
0x0000000009e14000 	/usr/lib/system/libsystem_dnssd.dylib
0x0000000009e14000 	/usr/lib/system/libsystem_info.dylib
0x0000000009e14000 	/usr/lib/system/libsystem_kernel.dylib
0x0000000009e14000 	/usr/lib/system/libsystem_m.dylib
0x0000000009e14000 	/usr/lib/system/libsystem_malloc.dylib
0x0000000009e14000 	/usr/lib/system/libsystem_network.dylib
0x0000000009e14000 	/usr/lib/system/libsystem_networkextension.dylib
0x0000000009e14000 	/usr/lib/system/libsystem_notify.dylib
0x0000000009e14000 	/usr/lib/system/libsystem_platform.dylib
0x0000000009e14000 	/usr/lib/system/libsystem_pthread.dylib
0x0000000009e14000 	/usr/lib/system/libsystem_sandbox.dylib
0x0000000009e14000 	/usr/lib/system/libsystem_secinit.dylib
0x0000000009e14000 	/usr/lib/system/libsystem_trace.dylib
0x0000000009e14000 	/usr/lib/system/libunc.dylib
0x0000000009e14000 	/usr/lib/system/libunwind.dylib
0x0000000009e14000 	/usr/lib/system/libxpc.dylib
0x0000000009e14000 	/usr/lib/libenergytrace.dylib
0x0000000009e14000 	/usr/lib/libbsm.0.dylib
0x0000000009e14000 	/usr/lib/system/libkxld.dylib
0x0000000009e14000 	/usr/lib/libxar.1.dylib
0x0000000009e14000 	/usr/lib/libsqlite3.dylib
0x0000000009e14000 	/usr/lib/libpam.2.dylib
0x0000000009e14000 	/usr/lib/libOpenScriptingUtil.dylib
0x0000000009e14000 	/usr/lib/libbz2.1.0.dylib
0x0000000009e14000 	/usr/lib/liblzma.5.dylib
0x0000000009e14000 	/System/Library/Frameworks/CoreServices.framework/Versions/A/Frameworks/FSEvents.framework/Versions/A/FSEvents
0x0000000009e14000 	/System/Library/Frameworks/CoreServices.framework/Versions/A/Frameworks/CarbonCore.framework/Versions/A/CarbonCore
0x0000000009e14000 	/System/Library/Frameworks/CoreServices.framework/Versions/A/Frameworks/Metadata.framework/Versions/A/Metadata
0x0000000009e14000 	/System/Library/Frameworks/CoreServices.framework/Versions/A/Frameworks/OSServices.framework/Versions/A/OSServices
0x0000000009e14000 	/System/Library/Frameworks/CoreServices.framework/Versions/A/Frameworks/SearchKit.framework/Versions/A/SearchKit
0x0000000009e14000 	/System/Library/Frameworks/CoreServices.framework/Versions/A/Frameworks/AE.framework/Versions/A/AE
0x0000000009e14000 	/System/Library/Frameworks/CoreServices.framework/Versions/A/Frameworks/LaunchServices.framework/Versions/A/LaunchServices
0x0000000009e14000 	/System/Library/Frameworks/CoreServices.framework/Versions/A/Frameworks/DictionaryServices.framework/Versions/A/DictionaryServices
0x0000000009e14000 	/System/Library/Frameworks/CoreServices.framework/Versions/A/Frameworks/SharedFileList.framework/Versions/A/SharedFileList
0x0000000009e14000 	/System/Library/Frameworks/NetFS.framework/Versions/A/NetFS
0x0000000009e14000 	/System/Library/PrivateFrameworks/NetAuth.framework/Versions/A/NetAuth
0x0000000009e14000 	/System/Library/PrivateFrameworks/login.framework/Versions/A/Frameworks/loginsupport.framework/Versions/A/loginsupport
0x0000000009e14000 	/System/Library/PrivateFrameworks/TCC.framework/Versions/A/TCC
0x0000000009e14000 	/usr/lib/libmecabra.dylib
0x0000000009e14000 	/System/Library/Frameworks/ApplicationServices.framework/Versions/A/Frameworks/ATS.framework/Versions/A/ATS
0x0000000009e14000 	/System/Library/Frameworks/ApplicationServices.framework/Versions/A/Frameworks/ColorSync.framework/Versions/A/ColorSync
0x0000000009e14000 	/System/Library/Frameworks/ApplicationServices.framework/Versions/A/Frameworks/HIServices.framework/Versions/A/HIServices
0x0000000009e14000 	/System/Library/Frameworks/ApplicationServices.framework/Versions/A/Frameworks/LangAnalysis.framework/Versions/A/LangAnalysis
0x0000000009e14000 	/System/Library/Frameworks/ApplicationServices.framework/Versions/A/Frameworks/PrintCore.framework/Versions/A/PrintCore
0x0000000009e14000 	/System/Library/Frameworks/ApplicationServices.framework/Versions/A/Frameworks/QD.framework/Versions/A/QD
0x0000000009e14000 	/System/Library/Frameworks/ApplicationServices.framework/Versions/A/Frameworks/SpeechSynthesis.framework/Versions/A/SpeechSynthesis
0x0000000009e14000 	/System/Library/Frameworks/Metal.framework/Versions/A/Metal
0x0000000009e14000 	/System/Library/Frameworks/Accelerate.framework/Versions/A/Frameworks/vImage.framework/Versions/A/vImage
0x0000000009e14000 	/System/Library/Frameworks/Accelerate.framework/Versions/A/Frameworks/vecLib.framework/Versions/A/vecLib
0x0000000009e14000 	/System/Library/Frameworks/Accelerate.framework/Versions/A/Frameworks/vecLib.framework/Versions/A/libvDSP.dylib
0x0000000009e14000 	/System/Library/Frameworks/Accelerate.framework/Versions/A/Frameworks/vecLib.framework/Versions/A/libvMisc.dylib
0x0000000009e14000 	/System/Library/Frameworks/Accelerate.framework/Versions/A/Frameworks/vecLib.framework/Versions/A/libLAPACK.dylib
0x0000000009e14000 	/System/Library/Frameworks/Accelerate.framework/Versions/A/Frameworks/vecLib.framework/Versions/A/libBLAS.dylib
0x0000000009e14000 	/System/Library/Frameworks/Accelerate.framework/Versions/A/Frameworks/vecLib.framework/Versions/A/libLinearAlgebra.dylib
0x0000000009e14000 	/System/Library/Frameworks/Accelerate.framework/Versions/A/Frameworks/vecLib.framework/Versions/A/libSparseBLAS.dylib
0x0000000009e14000 	/System/Library/PrivateFrameworks/GPUCompiler.framework/libmetal_timestamp.dylib
0x0000000009e14000 	/System/Library/Frameworks/OpenGL.framework/Versions/A/Libraries/libCoreFSCache.dylib
0x0000000009e14000 	/System/Library/PrivateFrameworks/IOAccelerator.framework/Versions/A/IOAccelerator
0x0000000009e14000 	/System/Library/Frameworks/ApplicationServices.framework/Versions/A/Frameworks/ATS.framework/Versions/A/Resources/libFontParser.dylib
0x0000000009e14000 	/System/Library/Frameworks/ApplicationServices.framework/Versions/A/Frameworks/ATS.framework/Versions/A/Resources/libFontRegistry.dylib
0x0000000009e14000 	/System/Library/PrivateFrameworks/AppleVPA.framework/Versions/A/AppleVPA
0x0000000009e14000 	/System/Library/PrivateFrameworks/AppleJPEG.framework/Versions/A/AppleJPEG
0x0000000009e14000 	/System/Library/Frameworks/ImageIO.framework/Versions/A/Resources/libJPEG.dylib
0x0000000009e14000 	/System/Library/Frameworks/ImageIO.framework/Versions/A/Resources/libTIFF.dylib
0x0000000009e14000 	/System/Library/Frameworks/ImageIO.framework/Versions/A/Resources/libPng.dylib
0x0000000009e14000 	/System/Library/Frameworks/ImageIO.framework/Versions/A/Resources/libGIF.dylib
0x0000000009e14000 	/System/Library/Frameworks/ImageIO.framework/Versions/A/Resources/libJP2.dylib
0x0000000009e14000 	/System/Library/Frameworks/ImageIO.framework/Versions/A/Resources/libRadiance.dylib
0x0000000009e14000 	/System/Library/Frameworks/CoreVideo.framework/Versions/A/CoreVideo
0x0000000009e14000 	/System/Library/Frameworks/OpenGL.framework/Versions/A/Libraries/libGLU.dylib
0x0000000009e14000 	/System/Library/Frameworks/OpenGL.framework/Versions/A/Libraries/libGFXShared.dylib
0x0000000009e14000 	/System/Library/Frameworks/OpenGL.framework/Versions/A/Libraries/libGL.dylib
0x0000000009e14000 	/System/Library/Frameworks/OpenGL.framework/Versions/A/Libraries/libGLImage.dylib
0x0000000009e14000 	/System/Library/Frameworks/OpenGL.framework/Versions/A/Libraries/libCVMSPluginSupport.dylib
0x0000000009e14000 	/System/Library/Frameworks/OpenGL.framework/Versions/A/Libraries/libCoreVMClient.dylib
0x0000000009e14000 	/usr/lib/libcompression.dylib
0x0000000009e14000 	/usr/lib/libcups.2.dylib
0x0000000009e14000 	/System/Library/Frameworks/Kerberos.framework/Versions/A/Kerberos
0x0000000009e14000 	/System/Library/Frameworks/GSS.framework/Versions/A/GSS
0x0000000009e14000 	/usr/lib/libresolv.9.dylib
0x0000000009e14000 	/usr/lib/libiconv.2.dylib
0x0000000009e14000 	/System/Library/PrivateFrameworks/Heimdal.framework/Versions/A/Heimdal
0x0000000009e14000 	/usr/lib/libheimdal-asn1.dylib
0x0000000009e14000 	/System/Library/Frameworks/OpenDirectory.framework/Versions/A/OpenDirectory
0x0000000009e14000 	/System/Library/PrivateFrameworks/CommonAuth.framework/Versions/A/CommonAuth
0x0000000009e14000 	/System/Library/Frameworks/OpenDirectory.framework/Versions/A/Frameworks/CFOpenDirectory.framework/Versions/A/CFOpenDirectory
0x0000000009e14000 	/System/Library/Frameworks/SecurityFoundation.framework/Versions/A/SecurityFoundation
0x0000000009e14000 	/System/Library/PrivateFrameworks/LanguageModeling.framework/Versions/A/LanguageModeling
0x0000000009e14000 	/usr/lib/libmarisa.dylib
0x0000000009e14000 	/usr/lib/libChineseTokenizer.dylib
0x0000000009e14000 	/usr/lib/libcmph.dylib
0x0000000009e14000 	/System/Library/Frameworks/ServiceManagement.framework/Versions/A/ServiceManagement
0x0000000009e14000 	/usr/lib/libxslt.1.dylib
0x0000000009e14000 	/System/Library/Frameworks/Carbon.framework/Versions/A/Frameworks/Ink.framework/Versions/A/Ink
0x0000000009e14000 	/usr/lib/libFosl_dynamic.dylib
0x0000000009e14000 	/System/Library/PrivateFrameworks/FaceCore.framework/Versions/A/FaceCore
0x0000000009e14000 	/System/Library/Frameworks/OpenCL.framework/Versions/A/OpenCL
0x0000000009e14000 	/System/Library/PrivateFrameworks/CrashReporterSupport.framework/Versions/A/CrashReporterSupport
0x0000000009e14000 	/System/Library/PrivateFrameworks/IconServices.framework/Versions/A/IconServices
0x0000000009e14000 	/System/Library/PrivateFrameworks/Apple80211.framework/Versions/A/Apple80211
0x0000000009e14000 	/System/Library/Frameworks/CoreWLAN.framework/Versions/A/CoreWLAN
0x0000000009e14000 	/System/Library/Frameworks/IOBluetooth.framework/Versions/A/IOBluetooth
0x0000000009e14000 	/System/Library/PrivateFrameworks/CoreWiFi.framework/Versions/A/CoreWiFi
0x0000000009e14000 	/System/Library/Frameworks/CoreBluetooth.framework/Versions/A/CoreBluetooth
0x0000000009e14000 	/System/Library/PrivateFrameworks/ChunkingLibrary.framework/Versions/A/ChunkingLibrary
0x0000000009e14000 	/System/Library/PrivateFrameworks/DebugSymbols.framework/Versions/A/DebugSymbols
0x0000000009e14000 	/System/Library/PrivateFrameworks/CoreSymbolication.framework/Versions/A/CoreSymbolication
0x0000000009e14000 	/System/Library/PrivateFrameworks/Symbolication.framework/Versions/A/Symbolication
0x0000000009e14000 	/System/Library/PrivateFrameworks/SpeechRecognitionCore.framework/Versions/A/SpeechRecognitionCore
0x0000000100ee6000 	/Library/Java/JavaVirtualMachines/jdk1.8.0_121.jdk/Contents/Home/jre/lib/server/libjvm.dylib
0x0000000009e14000 	/usr/lib/libstdc++.6.dylib
0x0000000101e8c000 	/Library/Java/JavaVirtualMachines/jdk1.8.0_121.jdk/Contents/Home/jre/lib/libverify.dylib
0x0000000101e9a000 	/Library/Java/JavaVirtualMachines/jdk1.8.0_121.jdk/Contents/Home/jre/lib/libjava.dylib
0x0000000101ed9000 	/Library/Java/JavaVirtualMachines/jdk1.8.0_121.jdk/Contents/Home/jre/lib/libzip.dylib
0x0000000118047000 	/System/Library/Frameworks/JavaVM.framework/Frameworks/JavaRuntimeSupport.framework/JavaRuntimeSupport
0x0000000118062000 	/System/Library/Frameworks/JavaVM.framework/Versions/A/Frameworks/JavaNativeFoundation.framework/Versions/A/JavaNativeFoundation
0x0000000118077000 	/System/Library/Frameworks/JavaVM.framework/Versions/A/JavaVM
0x0000000009e14000 	/System/Library/Frameworks/Carbon.framework/Versions/A/Carbon
0x0000000118084000 	/System/Library/PrivateFrameworks/JavaLaunching.framework/Versions/A/JavaLaunching
0x0000000009e14000 	/System/Library/Frameworks/Carbon.framework/Versions/A/Frameworks/CommonPanels.framework/Versions/A/CommonPanels
0x0000000009e14000 	/System/Library/Frameworks/Carbon.framework/Versions/A/Frameworks/Help.framework/Versions/A/Help
0x0000000009e14000 	/System/Library/Frameworks/Carbon.framework/Versions/A/Frameworks/ImageCapture.framework/Versions/A/ImageCapture
0x0000000009e14000 	/System/Library/Frameworks/Carbon.framework/Versions/A/Frameworks/OpenScripting.framework/Versions/A/OpenScripting
0x0000000009e14000 	/System/Library/Frameworks/Carbon.framework/Versions/A/Frameworks/Print.framework/Versions/A/Print
0x0000000009e14000 	/System/Library/Frameworks/Carbon.framework/Versions/A/Frameworks/SecurityHI.framework/Versions/A/SecurityHI
0x0000000119ac5000 	/Applications/IntelliJ IDEA.app/Contents/bin/libbreakgen64.jnilib
0x0000000119ac8000 	/Library/Java/JavaVirtualMachines/jdk1.8.0_121.jdk/Contents/Home/jre/lib/libnet.dylib
0x0000000119bbd000 	/Library/Java/JavaVirtualMachines/jdk1.8.0_121.jdk/Contents/Home/jre/lib/libprism_es2.dylib
0x0000000009e14000 	/System/Library/Frameworks/OpenGL.framework/Versions/A/Resources/GLEngine.bundle/GLEngine
0x0000000009e14000 	/System/Library/Frameworks/OpenGL.framework/Versions/A/Libraries/libGLProgrammability.dylib
0x0000000119c3f000 	/System/Library/Extensions/AppleIntelBDWGraphicsGLDriver.bundle/Contents/MacOS/AppleIntelBDWGraphicsGLDriver
0x0000000009e14000 	/System/Library/PrivateFrameworks/GPUSupport.framework/Versions/A/Libraries/libGPUSupportMercury.dylib
0x0000000009e14000 	/System/Library/Frameworks/OpenGL.framework/Versions/A/Resources/GLRendererFloat.bundle/GLRendererFloat
0x0000000009e14000 	/System/Library/Frameworks/OpenCL.framework/Versions/A/Libraries/libcldcpuengine.dylib
0x0000000009e14000 	/System/Library/PrivateFrameworks/DiskImages.framework/Versions/A/DiskImages
0x0000000009e14000 	/System/Library/Frameworks/DiscRecording.framework/Versions/A/DiscRecording
0x0000000009e14000 	/usr/lib/libcsfde.dylib
0x0000000009e14000 	/usr/lib/libcurl.4.dylib
0x0000000009e14000 	/System/Library/PrivateFrameworks/MediaKit.framework/Versions/A/MediaKit
0x0000000009e14000 	/System/Library/PrivateFrameworks/ProtectedCloudStorage.framework/Versions/A/ProtectedCloudStorage
0x0000000009e14000 	/usr/lib/libCoreStorage.dylib
0x0000000009e14000 	/System/Library/PrivateFrameworks/EFILogin.framework/Versions/A/EFILogin
0x0000000009e14000 	/usr/lib/libutil.dylib
0x0000000009e14000 	/System/Library/PrivateFrameworks/FindMyDevice.framework/Versions/A/FindMyDevice
0x0000000009e14000 	/System/Library/Frameworks/LDAP.framework/Versions/A/LDAP
0x0000000009e14000 	/usr/lib/libsasl2.2.dylib
0x0000000009e14000 	/System/Library/PrivateFrameworks/CoreDaemon.framework/Versions/B/CoreDaemon
0x0000000009e14000 	/usr/lib/libcrypto.0.9.8.dylib
0x0000000009e14000 	/System/Library/PrivateFrameworks/AppleSRP.framework/Versions/A/AppleSRP
0x0000000009e14000 	/System/Library/PrivateFrameworks/TrustEvaluationAgent.framework/Versions/A/TrustEvaluationAgent
0x000000011a778000 	/Library/Java/JavaVirtualMachines/jdk1.8.0_121.jdk/Contents/Home/jre/lib/libglass.dylib
0x0000000009e14000 	/System/Library/PrivateFrameworks/CoreServicesInternal.framework/Versions/A/CoreServicesInternal
0x0000000009e14000 	/System/Library/CoreServices/RawCamera.bundle/Contents/MacOS/RawCamera
0x0000000009e14000 	/System/Library/Frameworks/CoreGraphics.framework/Versions/A/Resources/libRIP.A.dylib
0x0000000009e14000 	/System/Library/Frameworks/Accelerate.framework/Versions/A/Frameworks/vImage.framework/Versions/A/Libraries/libCGInterfaces.dylib
0x0000000009e14000 	/System/Library/PrivateFrameworks/FamilyControls.framework/Versions/A/FamilyControls
0x0000000009e14000 	/System/Library/PrivateFrameworks/CommerceKit.framework/Versions/A/Frameworks/CommerceCore.framework/Versions/A/CommerceCore
0x0000000009e14000 	/System/Library/PrivateFrameworks/SystemAdministration.framework/Versions/A/SystemAdministration
0x0000000009e14000 	/System/Library/PrivateFrameworks/AppContainer.framework/Versions/A/AppContainer
0x0000000009e14000 	/System/Library/PrivateFrameworks/SecCodeWrapper.framework/Versions/A/SecCodeWrapper
0x0000000009e14000 	/System/Library/Frameworks/DirectoryService.framework/Versions/A/DirectoryService
0x0000000009e14000 	/System/Library/PrivateFrameworks/LoginUIKit.framework/Versions/A/Frameworks/LoginUICore.framework/Versions/A/LoginUICore
0x0000000009e14000 	/usr/lib/libodfde.dylib
0x000000011b80b000 	/Library/Java/JavaVirtualMachines/jdk1.8.0_121.jdk/Contents/Home/jre/lib/libjavafx_font.dylib
0x0000000009e14000 	/System/Library/Frameworks/CoreGraphics.framework/Versions/A/Resources/libCGXType.A.dylib
0x00000001202fa000 	cl_kernels
0x0000000009e14000 	/System/Library/Frameworks/OpenCL.framework/Versions/A/Libraries/ImageFormats/unorm8_bgra.dylib
0x0000000009e14000 	/System/Library/Frameworks/OpenCL.framework/Versions/A/Libraries/ImageFormats/unorm8_rgba.dylib
0x0000000121968000 	/Library/Java/JavaVirtualMachines/jdk1.8.0_121.jdk/Contents/Home/jre/lib/libprism_common.dylib
0x0000000122584000 	/System/Library/Extensions/AppleIntelBDWGraphicsMTLDriver.bundle/Contents/MacOS/AppleIntelBDWGraphicsMTLDriver
0x0000000123073000 	/System/Library/Frameworks/Security.framework/PlugIns/csparser.bundle/Contents/MacOS/csparser
0x0000000009e14000 	/System/Library/PrivateFrameworks/FinderKit.framework/Versions/A/FinderKit
0x0000000009e14000 	/System/Library/Frameworks/Quartz.framework/Versions/A/Frameworks/QuickLookUI.framework/Versions/A/QuickLookUI
0x0000000009e14000 	/System/Library/Frameworks/Quartz.framework/Versions/A/Frameworks/ImageKit.framework/Versions/A/ImageKit
0x0000000009e14000 	/System/Library/PrivateFrameworks/Bom.framework/Versions/A/Bom
0x0000000009e14000 	/System/Library/Frameworks/QuickLook.framework/Versions/A/QuickLook
0x0000000009e14000 	/System/Library/PrivateFrameworks/Suggestions.framework/Versions/A/Suggestions
0x0000000009e14000 	/System/Library/PrivateFrameworks/AppleSystemInfo.framework/Versions/A/AppleSystemInfo
0x0000000009e14000 	/System/Library/Frameworks/ImageCaptureCore.framework/Versions/A/ImageCaptureCore
0x0000000009e14000 	/System/Library/PrivateFrameworks/SafariServices.framework/Versions/A/SafariServices
0x0000000009e14000 	/usr/lib/libspindump.dylib
0x0000000009e14000 	/System/Library/Frameworks/QTKit.framework/Versions/A/QTKit
0x0000000009e14000 	/System/Library/PrivateFrameworks/ViewBridge.framework/Versions/A/ViewBridge
0x0000000009e14000 	/System/Library/PrivateFrameworks/XPCService.framework/Versions/A/XPCService
0x0000000009e14000 	/System/Library/PrivateFrameworks/AppSandbox.framework/Versions/A/AppSandbox
0x0000000009e14000 	/usr/lib/libsandbox.1.dylib
0x0000000009e14000 	/usr/lib/libMatch.1.dylib
0x0000000009e14000 	/System/Library/Frameworks/AVFoundation.framework/Versions/A/AVFoundation
0x0000000009e14000 	/System/Library/Frameworks/CoreMedia.framework/Versions/A/CoreMedia
0x0000000009e14000 	/System/Library/Frameworks/MediaToolbox.framework/Versions/A/MediaToolbox
0x0000000009e14000 	/System/Library/Frameworks/VideoToolbox.framework/Versions/A/VideoToolbox
0x0000000009e14000 	/System/Library/PrivateFrameworks/CoreMediaAuthoring.framework/Versions/A/CoreMediaAuthoring
0x0000000009e14000 	/System/Library/Frameworks/CoreMediaIO.framework/Versions/A/CoreMediaIO
0x0000000009e14000 	/System/Library/Frameworks/AVFoundation.framework/Versions/A/Resources/libAVFAudio.dylib
0x0000000009e14000 	/System/Library/PrivateFrameworks/CoreAVCHD.framework/Versions/A/CoreAVCHD
0x0000000009e14000 	/System/Library/Frameworks/MediaAccessibility.framework/Versions/A/MediaAccessibility
0x0000000009e14000 	/System/Library/PrivateFrameworks/Mangrove.framework/Versions/A/Mangrove
0x0000000009e14000 	/System/Library/PrivateFrameworks/CoreAUC.framework/Versions/A/CoreAUC
0x0000000009e14000 	/System/Library/PrivateFrameworks/AppleVA.framework/Versions/A/AppleVA
0x0000000009e14000 	/System/Library/PrivateFrameworks/DisplayServices.framework/Versions/A/DisplayServices
0x0000000009e14000 	/System/Library/Frameworks/Quartz.framework/Versions/A/Frameworks/PDFKit.framework/Versions/A/PDFKit
0x0000000009e14000 	/System/Library/Frameworks/Quartz.framework/Versions/A/Frameworks/QuartzComposer.framework/Versions/A/QuartzComposer
0x0000000009e14000 	/System/Library/Frameworks/Quartz.framework/Versions/A/Frameworks/QuartzFilters.framework/Versions/A/QuartzFilters
0x0000000009e14000 	/System/Library/PrivateFrameworks/CorePDF.framework/Versions/A/CorePDF
0x0000000009e14000 	/System/Library/Frameworks/JavaScriptCore.framework/Versions/A/JavaScriptCore
0x0000000009e14000 	/System/Library/PrivateFrameworks/AppleFSCompression.framework/Versions/A/AppleFSCompression
0x0000000009e14000 	/System/Library/Frameworks/AddressBook.framework/Versions/A/AddressBook
0x0000000009e14000 	/System/Library/PrivateFrameworks/ContactsPersistence.framework/Versions/A/ContactsPersistence
0x0000000009e14000 	/System/Library/PrivateFrameworks/ContactsFoundation.framework/Versions/A/ContactsFoundation
0x0000000009e14000 	/System/Library/PrivateFrameworks/vCard.framework/Versions/A/vCard
0x0000000009e14000 	/System/Library/PrivateFrameworks/IntlPreferences.framework/Versions/A/IntlPreferences
0x0000000009e14000 	/System/Library/PrivateFrameworks/ToneLibrary.framework/Versions/A/ToneLibrary
0x0000000009e14000 	/System/Library/PrivateFrameworks/ToneKit.framework/Versions/A/ToneKit
0x0000000009e14000 	/System/Library/PrivateFrameworks/ApplePushService.framework/Versions/A/ApplePushService
0x0000000009e14000 	/System/Library/Frameworks/SecurityInterface.framework/Versions/A/SecurityInterface
0x0000000009e14000 	/System/Library/PrivateFrameworks/PhoneNumbers.framework/Versions/A/PhoneNumbers
0x0000000009e14000 	/System/Library/Frameworks/Quartz.framework/Versions/A/Quartz
0x0000000009e14000 	/System/Library/PrivateFrameworks/CloudDocs.framework/Versions/A/CloudDocs
0x0000000009e14000 	/System/Library/PrivateFrameworks/CoreDuet.framework/Versions/A/CoreDuet
0x0000000009e14000 	/System/Library/Frameworks/CloudKit.framework/Versions/A/CloudKit
0x0000000009e14000 	/System/Library/PrivateFrameworks/ProtocolBuffer.framework/Versions/A/ProtocolBuffer
0x0000000009e14000 	/System/Library/PrivateFrameworks/CoreDuetDaemonProtocol.framework/Versions/A/CoreDuetDaemonProtocol
0x0000000009e14000 	/System/Library/PrivateFrameworks/CoreDuetDebugLogging.framework/Versions/A/CoreDuetDebugLogging
0x0000000009e14000 	/System/Library/PrivateFrameworks/MMCS.framework/Versions/A/MMCS
0x0000000009e14000 	/System/Library/Frameworks/CoreLocation.framework/Versions/A/CoreLocation
0x0000000009e14000 	/System/Library/PrivateFrameworks/AssetCacheServices.framework/Versions/A/AssetCacheServices
0x0000000009e14000 	/System/Library/PrivateFrameworks/GeoServices.framework/Versions/A/GeoServices
0x0000000009e14000 	/System/Library/PrivateFrameworks/PlugInKit.framework/Versions/A/PlugInKit
0x0000000009e14000 	/System/Library/PrivateFrameworks/iLifeMediaBrowser.framework/Versions/A/iLifeMediaBrowser
0x0000000009e14000 	/System/Library/Frameworks/AVKit.framework/Versions/A/AVKit
0x0000000009e14000 	/System/Library/PrivateFrameworks/CacheDelete.framework/Versions/A/CacheDelete
0x0000000124953000 	/Library/Java/JavaVirtualMachines/jdk1.8.0_121.jdk/Contents/Home/jre/lib/libglib-lite.dylib
0x0000000124a74000 	/Library/Java/JavaVirtualMachines/jdk1.8.0_121.jdk/Contents/Home/jre/lib/libgstreamer-lite.dylib
0x0000000124bec000 	/Library/Java/JavaVirtualMachines/jdk1.8.0_121.jdk/Contents/Home/jre/lib/libjfxmedia.dylib
0x0000000124c27000 	/Library/Java/JavaVirtualMachines/jdk1.8.0_121.jdk/Contents/Home/jre/lib/libjfxmedia_avf.dylib
0x0000000124c5c000 	/Library/Java/JavaVirtualMachines/jdk1.8.0_121.jdk/Contents/Home/jre/lib/libjfxmedia_qtkit.dylib
0x0000000124c69000 	/Library/Java/JavaVirtualMachines/jdk1.8.0_121.jdk/Contents/Home/jre/lib/libnio.dylib
0x0000000124c79000 	/Library/Java/JavaVirtualMachines/jdk1.8.0_121.jdk/Contents/Home/jre/lib/libfxplugins.dylib
0x0000000124ca4000 	/System/Library/Frameworks/VideoDecodeAcceleration.framework/Versions/A/VideoDecodeAcceleration
0x0000000124cab000 	/System/Library/Extensions/AppleHDA.kext/Contents/PlugIns/AppleHDAHALPlugIn.bundle/Contents/MacOS/AppleHDAHALPlugIn
0x0000000125092000 	/System/Library/Components/CoreAudio.component/Contents/MacOS/CoreAudio
0x00000001234c9000 	/System/Library/Components/AudioCodecs.component/Contents/MacOS/AudioCodecs

VM Arguments:
jvm_args: -Didea.launcher.port=7538 -Didea.launcher.bin.path=/Applications/IntelliJ IDEA.app/Contents/bin -Dfile.encoding=UTF-8 
java_command: com.intellij.rt.execution.application.AppMain sample.Main
java_class_path (initial): /Library/Java/JavaVirtualMachines/jdk1.8.0_121.jdk/Contents/Home/jre/lib/charsets.jar:/Library/Java/JavaVirtualMachines/jdk1.8.0_121.jdk/Contents/Home/jre/lib/deploy.jar:/Library/Java/JavaVirtualMachines/jdk1.8.0_121.jdk/Contents/Home/jre/lib/ext/cldrdata.jar:/Library/Java/JavaVirtualMachines/jdk1.8.0_121.jdk/Contents/Home/jre/lib/ext/dnsns.jar:/Library/Java/JavaVirtualMachines/jdk1.8.0_121.jdk/Contents/Home/jre/lib/ext/jaccess.jar:/Library/Java/JavaVirtualMachines/jdk1.8.0_121.jdk/Contents/Home/jre/lib/ext/jfxrt.jar:/Library/Java/JavaVirtualMachines/jdk1.8.0_121.jdk/Contents/Home/jre/lib/ext/localedata.jar:/Library/Java/JavaVirtualMachines/jdk1.8.0_121.jdk/Contents/Home/jre/lib/ext/nashorn.jar:/Library/Java/JavaVirtualMachines/jdk1.8.0_121.jdk/Contents/Home/jre/lib/ext/sunec.jar:/Library/Java/JavaVirtualMachines/jdk1.8.0_121.jdk/Contents/Home/jre/lib/ext/sunjce_provider.jar:/Library/Java/JavaVirtualMachines/jdk1.8.0_121.jdk/Contents/Home/jre/lib/ext/sunpkcs11.jar:/Library/Java/JavaVirtualMachines/jdk1.8.0_121.jdk/Contents/Home/jre/lib/ext/zipfs.jar:/Library/Java/JavaVirtualMachines/jdk1.8.0_121.jdk/Contents/Home/jre/lib/javaws.jar:/Library/Java/JavaVirtualMachines/jdk1.8.0_121.jdk/Contents/Home/jre/lib/jce.jar:/Library/Java/JavaVirtualMachines/jdk1.8.0_121.jdk/Contents/Home/jre/lib/jfr.jar:/Library/Java/JavaVirtualMachines/jdk1.8.0_121.jdk/Contents/Home/jre/lib/jfxswt.jar:/Library/Java/JavaVirtualMachines/jdk1.8.0_121.jdk/Contents/Home/jre/lib/jsse.jar:/Library/Java/JavaVirtualMachines/jdk1.8.0_121.jdk/Contents/Home/jre/lib/management-agent.jar:/Library/Java/JavaVirtualMachines/jdk1.8.0_121.jdk/Contents/Home/jre/lib/plugin.jar:/Library/Java/JavaVirtualMachines/jdk1.8.0_121.jdk/Contents/Home/jre/lib/resources.jar:/Library/Java/JavaVirtualMachines/jdk1.8.0_121.jdk/Contents/Home/jre/lib/rt.jar:/Library/Java/JavaVirtualMachines/jdk1.8.0_121.jdk/Contents/Home/lib/ant-javafx.jar:/Library/Java/JavaVirtualMachines/jdk1.8.0_121.jdk/Contents/Home
Launcher Type: SUN_STANDARD

Environment Variables:
PATH=/opt/local/bin:/opt/local/sbin:/usr/local/bin:/usr/bin:/bin:/usr/sbin:/sbin:/Library/Frameworks/Mono.framework/Versions/Current/Commands:/usr/local/pxl:/usr/local/pxl
SHELL=/bin/bash

Signal Handlers:
SIGSEGV: [libjvm.dylib+0x5b1141], sa_mask[0]=11111111011111110111111111111111, sa_flags=SA_ONSTACK|SA_RESTART|SA_SIGINFO
SIGBUS: [libjvm.dylib+0x5b1141], sa_mask[0]=11111111011111110111111111111111, sa_flags=SA_RESTART|SA_SIGINFO
SIGFPE: [libjvm.dylib+0x487bc4], sa_mask[0]=11111111011111110111111111111111, sa_flags=SA_RESTART|SA_SIGINFO
SIGPIPE: [libjvm.dylib+0x487bc4], sa_mask[0]=11111111011111110111111111111111, sa_flags=SA_RESTART|SA_SIGINFO
SIGXFSZ: [libjvm.dylib+0x487bc4], sa_mask[0]=11111111011111110111111111111111, sa_flags=SA_RESTART|SA_SIGINFO
SIGILL: [libjvm.dylib+0x487bc4], sa_mask[0]=11111111011111110111111111111111, sa_flags=SA_RESTART|SA_SIGINFO
SIGUSR1: SIG_DFL, sa_mask[0]=00000000000000000000000000000000, sa_flags=none
SIGUSR2: [libjvm.dylib+0x4876e2], sa_mask[0]=00100000000000000000000000000000, sa_flags=SA_RESTART|SA_SIGINFO
SIGHUP: [libjvm.dylib+0x485cb9], sa_mask[0]=11111111011111110111111111111111, sa_flags=SA_RESTART|SA_SIGINFO
SIGINT: [libjvm.dylib+0x485cb9], sa_mask[0]=11111111011111110111111111111111, sa_flags=SA_RESTART|SA_SIGINFO
SIGTERM: [libjvm.dylib+0x485cb9], sa_mask[0]=11111111011111110111111111111111, sa_flags=SA_RESTART|SA_SIGINFO
SIGQUIT: [libjvm.dylib+0x485cb9], sa_mask[0]=11111111011111110111111111111111, sa_flags=SA_RESTART|SA_SIGINFO


---------------  S Y S T E M  ---------------

OS:Bsduname:Darwin 15.6.0 Darwin Kernel Version 15.6.0: Mon Nov 13 21:58:35 PST 2017; root:xnu-3248.72.11~1/RELEASE_X86_64 x86_64
rlimit: STACK 8192k, CORE 0k, NPROC 709, NOFILE 10240, AS infinity
load average:2.11 2.18 2.15

CPU:total 4 (2 cores per cpu, 2 threads per core) family 6 model 61 stepping 4, cmov, cx8, fxsr, mmx, sse, sse2, sse3, ssse3, sse4.1, sse4.2, popcnt, avx, avx2, aes, clmul, erms, 3dnowpref, lzcnt, ht, tsc, tscinvbit, bmi1, bmi2, adx

Memory: 4k page, physical 8388608k(51712k free)

/proc/meminfo:


vm_info: Java HotSpot(TM) 64-Bit Server VM (25.121-b13) for bsd-amd64 JRE (1.8.0_121-b13), built on Dec 12 2016 20:39:32 by "java_re" with gcc 4.2.1 (Based on Apple Inc. build 5658) (LLVM build 2336.11.00)

time: Wed Feb 21 22:49:32 2018
elapsed time: 68 seconds (0d 0h 1m 8s)

